2019-10-28 21:54:09,761 - saeeds28 logged in successfully
2019-10-28 21:54:52,641 - samad logged in successfully
2019-10-28 21:55:03,766 - saad tried logging in but was unsuccessful
2019-10-28 22:16:30,759 - saeeds28 logged in successfully
2019-10-28 22:21:37,721 - saeeds28 logged in successfully
2019-10-28 22:37:33,670 - saeeds28 logged in successfully
2019-10-28 22:49:32,804 - saeeds28 logged in successfully
2019-10-28 22:53:35,686 - saeeds28 logged in successfully
2019-10-28 23:06:22,671 - saeeds28 logged in successfully
2019-10-28 23:20:57,116 - samad logged in successfully
2019-10-28 23:23:11,100 - samad logged in successfully
2019-10-28 23:26:21,704 - samad tried logging in but was unsuccessful
2019-10-28 23:26:32,798 - samad logged in successfully
2019-11-16 12:43:01,700 - saeeds28 tried logging in but was unsuccessful
2019-11-16 12:49:42,248 - samad logged in successfully
2019-11-16 13:24:23,867 - saeeds28 logged in successfully
2019-11-16 13:24:49,767 - samad logged in successfully
2019-11-16 13:26:33,894 - saeeds28 logged in successfully
2019-11-16 13:27:58,931 - samad logged in successfully
2019-11-16 14:37:22,371 - samad logged in successfully
2019-11-16 15:51:03,042 - samad logged in successfully
2019-11-16 15:56:20,007 - samad logged in successfully
2019-11-16 16:01:36,886 - samad logged in successfully
2019-11-16 16:08:36,053 - samad logged in successfully
2019-11-16 16:12:49,453 - saeeds28 logged in successfully
2019-11-16 16:16:08,936 - test logged in successfully
2019-11-16 16:21:22,776 - samad logged in successfully
2019-11-16 16:53:27,204 - saeeds28 logged in successfully
2019-11-16 18:06:22,943 - saeeds28 logged in successfully
2019-11-16 18:21:04,814 - samad logged in successfully
2019-11-16 18:21:35,615 - saeeds28 logged in successfully
2019-11-16 18:51:52,082 - saeeds28 logged in successfully
2019-11-16 18:57:52,052 - saeeds28 logged in successfully
2019-11-16 19:12:22,048 - samad logged in successfully
2019-11-16 19:13:54,257 - saeeds28 logged in successfully
2019-11-16 19:16:40,939 - saeeds28 logged in successfully
2019-11-16 19:23:10,435 - saeeds28 logged in successfully
2019-11-16 19:39:01,854 - samad tried logging in but was unsuccessful
2019-11-16 19:39:13,958 - samad logged in successfully
2019-11-16 19:55:34,704 - samad tried logging in but was unsuccessful
2019-11-16 20:23:38,105 - saeeds28 logged in successfully
2019-11-16 20:24:27,229 - samad logged in successfully
2019-11-16 20:25:14,163 - saeeds28 logged in successfully
2019-11-16 20:25:35,243 - samad logged in successfully
2019-11-16 20:26:21,726 - saeeds28 logged in successfully
2019-11-16 20:28:22,362 - test logged in successfully
2019-11-16 20:31:25,079 - saeeds28 logged in successfully
2019-11-16 20:33:36,427 - test logged in successfully
2019-11-16 20:34:28,712 - samad logged in successfully
2019-11-16 20:35:20,482 - saeeds28 logged in successfully
2019-11-16 20:37:55,798 - test logged in successfully
2019-11-16 20:39:08,121 - saeeds28 logged in successfully
2019-11-16 20:39:51,277 - test logged in successfully
2019-11-16 21:04:35,061 - saeeds28 logged in successfully
2019-11-16 21:04:51,693 - samad tried logging in but was unsuccessful
2019-11-16 21:05:01,228 - samad logged in successfully
